ERROR: 4313 Fichero INCLUDE no encontrado ZCAPPLICATION.PKG ON LINE: 3 (37436) OF FILE: C:\DataFlex Projects\FutbolWebApp-main\AppSrc\zPreCompWebAppProject.pkg
ERROR: 4313 Fichero INCLUDE no encontrado ZCHILKAT.PKG ON LINE: 7 (37436) OF FILE: C:\DataFlex Projects\FutbolWebApp-main\AppSrc\zPreCompWebAppProject.pkg
ERROR: 4313 Fichero INCLUDE no encontrado ZALLWEBAPPCLASSES.PKG ON LINE: 9 (37436) OF FILE: C:\DataFlex Projects\FutbolWebApp-main\AppSrc\zPreCompWebAppProject.pkg
ERROR: 4345 Error de comprobación de tipo U_ZCWEBVIEW, MUST BE DEFINED ON LINE: 10 (37436) OF FILE: C:\DataFlex Projects\FutbolWebApp-main\AppSrc\Dashboard.wo
ERROR: 4328 Simbolo no definido en argumento U_ZCWEBVIEW ON LINE: 10 (37436) OF FILE: C:\DataFlex Projects\FutbolWebApp-main\AppSrc\Dashboard.wo
ERROR: 4345 Error de comprobación de tipo U_ZCWEBMENUITEM_HELP, MUST BE DEFINED ON LINE: 43 (37452) OF FILE: C:\DataFlex Projects\FutbolWebApp-main\AppSrc\Dashboard.wo
ERROR: 4328 Simbolo no definido en argumento U_ZCWEBMENUITEM_HELP ON LINE: 43 (37452) OF FILE: C:\DataFlex Projects\FutbolWebApp-main\AppSrc\Dashboard.wo
ERROR: 4345 Error de comprobación de tipo U_ZCWEBMENUITEMLOGOUT, MUST BE DEFINED ON LINE: 46 (37455) OF FILE: C:\DataFlex Projects\FutbolWebApp-main\AppSrc\Dashboard.wo
ERROR: 4328 Simbolo no definido en argumento U_ZCWEBMENUITEMLOGOUT ON LINE: 46 (37455) OF FILE: C:\DataFlex Projects\FutbolWebApp-main\AppSrc\Dashboard.wo
ERROR: 4345 Error de comprobación de tipo U_ZCWEBTILE_CONTEXTMENU, MUST BE DEFINED ON LINE: 185 (37623) OF FILE: C:\DataFlex Projects\FutbolWebApp-main\AppSrc\Dashboard.wo
ERROR: 4328 Simbolo no definido en argumento U_ZCWEBTILE_CONTEXTMENU ON LINE: 185 (37623) OF FILE: C:\DataFlex Projects\FutbolWebApp-main\AppSrc\Dashboard.wo
ERROR: 4328 Simbolo no definido en argumento OEQUIPO_SELECT ON LINE: 90 (38329) OF FILE: C:\DataFlex Projects\FutbolWebApp-main\AppSrc\SelectEquipo.wo
ERROR: 4328 Simbolo no definido en argumento OEQUIPO_SELECT ON LINE: 90 (38329) OF FILE: C:\DataFlex Projects\FutbolWebApp-main\AppSrc\SelectEquipo.wo
ERROR: 4328 Simbolo no definido en argumento OEQUIPO_SELECT ON LINE: 264 (38451) OF FILE: C:\DataFlex Projects\FutbolWebApp-main\AppSrc\SelectEquipo.wo
ERROR: 4328 Simbolo no definido en argumento OEQUIPO_SELECT ON LINE: 264 (38451) OF FILE: C:\DataFlex Projects\FutbolWebApp-main\AppSrc\SelectEquipo.wo
ERROR: 4328 Simbolo no definido en argumento OEQUIPO_SELECT ON LINE: 265 (38452) OF FILE: C:\DataFlex Projects\FutbolWebApp-main\AppSrc\SelectEquipo.wo
ERROR: 4328 Simbolo no definido en argumento OEQUIPO_SELECT ON LINE: 270 (38457) OF FILE: C:\DataFlex Projects\FutbolWebApp-main\AppSrc\SelectEquipo.wo
ERROR: 4328 Simbolo no definido en argumento OEQUIPO_SELECT ON LINE: 270 (38457) OF FILE: C:\DataFlex Projects\FutbolWebApp-main\AppSrc\SelectEquipo.wo
ERROR: 4328 Simbolo no definido en argumento OEQUIPO_SELECT ON LINE: 271 (38458) OF FILE: C:\DataFlex Projects\FutbolWebApp-main\AppSrc\SelectEquipo.wo
ERROR: 4328 Simbolo no definido en argumento BOK ON LINE: 126 (38567) OF FILE: C:\DataFlex Projects\FutbolWebApp-main\AppSrc\ZoomEquipo.wo
